C:\DOCUMENTS AND SETTINGS\ADMINISTRATOR\MY DOCUMENTS\VISUAL STUDIO 2010\PROJECTS\HELLOWORLD\DEBUG\HELLOWORLD.DLL
C:\Documents and Settings\Administrator\My Documents\Visual Studio 2010\Projects\HelloWorld\Debug\HelloWorld.exp
C:\DOCUMENTS AND SETTINGS\ADMINISTRATOR\MY DOCUMENTS\VISUAL STUDIO 2010\PROJECTS\HELLOWORLD\DEBUG\HELLOWORLD.ILK
C:\Documents and Settings\Administrator\My Documents\Visual Studio 2010\Projects\HelloWorld\Debug\HelloWorld.lib
C:\DOCUMENTS AND SETTINGS\ADMINISTRATOR\MY DOCUMENTS\VISUAL STUDIO 2010\PROJECTS\HELLOWORLD\DEBUG\HELLOWORLD.PDB
C:\Documents and Settings\Administrator\My Documents\Visual Studio 2010\Projects\HelloWorld\HelloWorld\Debug\cl.command.1.tlog
C:\Documents and Settings\Administrator\My Documents\Visual Studio 2010\Projects\HelloWorld\HelloWorld\Debug\CL.read.1.tlog
C:\Documents and Settings\Administrator\My Documents\Visual Studio 2010\Projects\HelloWorld\HelloWorld\Debug\CL.write.1.tlog
C:\DOCUMENTS AND SETTINGS\ADMINISTRATOR\MY DOCUMENTS\VISUAL STUDIO 2010\PROJECTS\HELLOWORLD\HELLOWORLD\DEBUG\DLLMAIN.OBJ
C:\DOCUMENTS AND SETTINGS\ADMINISTRATOR\MY DOCUMENTS\VISUAL STUDIO 2010\PROJECTS\HELLOWORLD\HELLOWORLD\DEBUG\HELLOWORLD.DLL.EMBED.MANIFEST
C:\DOCUMENTS AND SETTINGS\ADMINISTRATOR\MY DOCUMENTS\VISUAL STUDIO 2010\PROJECTS\HELLOWORLD\HELLOWORLD\DEBUG\HELLOWORLD.DLL.EMBED.MANIFEST.RES
C:\DOCUMENTS AND SETTINGS\ADMINISTRATOR\MY DOCUMENTS\VISUAL STUDIO 2010\PROJECTS\HELLOWORLD\HELLOWORLD\DEBUG\HELLOWORLD.DLL.INTERMEDIATE.MANIFEST
C:\DOCUMENTS AND SETTINGS\ADMINISTRATOR\MY DOCUMENTS\VISUAL STUDIO 2010\PROJECTS\HELLOWORLD\HELLOWORLD\DEBUG\HELLOWORLD.OBJ
C:\DOCUMENTS AND SETTINGS\ADMINISTRATOR\MY DOCUMENTS\VISUAL STUDIO 2010\PROJECTS\HELLOWORLD\HELLOWORLD\DEBUG\HELLOWORLD.PCH
C:\DOCUMENTS AND SETTINGS\ADMINISTRATOR\MY DOCUMENTS\VISUAL STUDIO 2010\PROJECTS\HELLOWORLD\HELLOWORLD\DEBUG\HELLOWORLD.RES
C:\DOCUMENTS AND SETTINGS\ADMINISTRATOR\MY DOCUMENTS\VISUAL STUDIO 2010\PROJECTS\HELLOWORLD\HELLOWORLD\DEBUG\HELLOWORLD.TLB
C:\Documents and Settings\Administrator\My Documents\Visual Studio 2010\Projects\HelloWorld\HelloWorld\Debug\HelloWorld.write.1.tlog
C:\DOCUMENTS AND SETTINGS\ADMINISTRATOR\MY DOCUMENTS\VISUAL STUDIO 2010\PROJECTS\HELLOWORLD\HELLOWORLD\DEBUG\HELLOWORLD_I.OBJ
C:\Documents and Settings\Administrator\My Documents\Visual Studio 2010\Projects\HelloWorld\HelloWorld\Debug\HelloWorld_manifest.rc
C:\DOCUMENTS AND SETTINGS\ADMINISTRATOR\MY DOCUMENTS\VISUAL STUDIO 2010\PROJECTS\HELLOWORLD\HELLOWORLD\DEBUG\HELLOWORLDBHO.OBJ
C:\Documents and Settings\Administrator\My Documents\Visual Studio 2010\Projects\HelloWorld\HelloWorld\Debug\link.command.1.tlog
C:\Documents and Settings\Administrator\My Documents\Visual Studio 2010\Projects\HelloWorld\HelloWorld\Debug\link.read.1.tlog
C:\Documents and Settings\Administrator\My Documents\Visual Studio 2010\Projects\HelloWorld\HelloWorld\Debug\link.write.1.tlog
C:\Documents and Settings\Administrator\My Documents\Visual Studio 2010\Projects\HelloWorld\HelloWorld\Debug\link-cvtres.read.1.tlog
C:\Documents and Settings\Administrator\My Documents\Visual Studio 2010\Projects\HelloWorld\HelloWorld\Debug\link-cvtres.write.1.tlog
C:\Documents and Settings\Administrator\My Documents\Visual Studio 2010\Projects\HelloWorld\HelloWorld\Debug\midl.command.1.tlog
C:\Documents and Settings\Administrator\My Documents\Visual Studio 2010\Projects\HelloWorld\HelloWorld\Debug\midl.read.1.tlog
C:\Documents and Settings\Administrator\My Documents\Visual Studio 2010\Projects\HelloWorld\HelloWorld\Debug\midl.write.1.tlog
C:\Documents and Settings\Administrator\My Documents\Visual Studio 2010\Projects\HelloWorld\HelloWorld\Debug\midl-midlc.read.1.tlog
C:\Documents and Settings\Administrator\My Documents\Visual Studio 2010\Projects\HelloWorld\HelloWorld\Debug\midl-midlc.write.1.tlog
C:\Documents and Settings\Administrator\My Documents\Visual Studio 2010\Projects\HelloWorld\HelloWorld\Debug\midl-midlc-cl.read.1.tlog
C:\Documents and Settings\Administrator\My Documents\Visual Studio 2010\Projects\HelloWorld\HelloWorld\Debug\mt.command.1.tlog
C:\Documents and Settings\Administrator\My Documents\Visual Studio 2010\Projects\HelloWorld\HelloWorld\Debug\mt.read.1.tlog
C:\Documents and Settings\Administrator\My Documents\Visual Studio 2010\Projects\HelloWorld\HelloWorld\Debug\mt.write.1.tlog
C:\Documents and Settings\Administrator\My Documents\Visual Studio 2010\Projects\HelloWorld\HelloWorld\Debug\rc.command.1.tlog
C:\Documents and Settings\Administrator\My Documents\Visual Studio 2010\Projects\HelloWorld\HelloWorld\Debug\rc.read.1.tlog
C:\Documents and Settings\Administrator\My Documents\Visual Studio 2010\Projects\HelloWorld\HelloWorld\Debug\rc.write.1.tlog
C:\DOCUMENTS AND SETTINGS\ADMINISTRATOR\MY DOCUMENTS\VISUAL STUDIO 2010\PROJECTS\HELLOWORLD\HELLOWORLD\DEBUG\STDAFX.OBJ
C:\Documents and Settings\Administrator\My Documents\Visual Studio 2010\Projects\HelloWorld\HelloWorld\Debug\vc100.idb
C:\DOCUMENTS AND SETTINGS\ADMINISTRATOR\MY DOCUMENTS\VISUAL STUDIO 2010\PROJECTS\HELLOWORLD\HELLOWORLD\DEBUG\VC100.PDB
C:\DOCUMENTS AND SETTINGS\ADMINISTRATOR\MY DOCUMENTS\VISUAL STUDIO 2010\PROJECTS\HELLOWORLD\HELLOWORLD\HELLOWORLD_I.C
C:\DOCUMENTS AND SETTINGS\ADMINISTRATOR\MY DOCUMENTS\VISUAL STUDIO 2010\PROJECTS\HELLOWORLD\HELLOWORLD\HELLOWORLD_I.H
C:\DOCUMENTS AND SETTINGS\ADMINISTRATOR\MY DOCUMENTS\VISUAL STUDIO 2010\PROJECTS\HELLOWORLD\HELLOWORLD\HELLOWORLD_P.C
