빌드 시작: 2013-10-27 오전 4:26:32
     1>2 노드의 "C:\Documents and Settings\Administrator\My Documents\Visual Studio 2010\Projects\HelloWorld\HelloWorld\HelloWorld.vcxproj" 프로젝트(rebuild 대상)입니다.
     1>_PrepareForClean:
         "Debug\HelloWorld.lastbuildstate" 파일을 삭제하고 있습니다.
       InitializeBuildStatus:
         "AlwaysCreate"이(가) 지정되었기 때문에 "Debug\HelloWorld.unsuccessfulbuild"을(를) 만들고 있습니다.
       Midl:
         C:\Program Files\Microsoft SDKs\Windows\v7.0A\bin\midl.exe /D _DEBUG /W1 /nologo /char signed /env win32 /Oicf /h "HelloWorld_i.h" /iid "HelloWorld_i.c" /proxy "HelloWorld_p.c" /tlb "Debug\HelloWorld.tlb" /robust HelloWorld.idl 
         Processing .\HelloWorld.idl
         HelloWorld.idl
         Processing C:\Program Files\Microsoft SDKs\Windows\v7.0A\include\oaidl.idl
         oaidl.idl
         Processing C:\Program Files\Microsoft SDKs\Windows\v7.0A\include\objidl.idl
         objidl.idl
         Processing C:\Program Files\Microsoft SDKs\Windows\v7.0A\include\unknwn.idl
         unknwn.idl
         Processing C:\Program Files\Microsoft SDKs\Windows\v7.0A\include\wtypes.idl
         wtypes.idl
         Processing C:\Program Files\Microsoft SDKs\Windows\v7.0A\include\basetsd.h
         basetsd.h
         Processing C:\Program Files\Microsoft SDKs\Windows\v7.0A\include\guiddef.h
         guiddef.h
         Processing C:\Program Files\Microsoft SDKs\Windows\v7.0A\include\ocidl.idl
         ocidl.idl
         Processing C:\Program Files\Microsoft SDKs\Windows\v7.0A\include\oleidl.idl
         oleidl.idl
         Processing C:\Program Files\Microsoft SDKs\Windows\v7.0A\include\servprov.idl
         servprov.idl
         Processing C:\Program Files\Microsoft SDKs\Windows\v7.0A\include\urlmon.idl
         urlmon.idl
         Processing C:\Program Files\Microsoft SDKs\Windows\v7.0A\include\msxml.idl
         msxml.idl
         Processing C:\Program Files\Microsoft SDKs\Windows\v7.0A\include\oaidl.acf
         oaidl.acf
         Processing C:\Program Files\Microsoft SDKs\Windows\v7.0A\include\ocidl.acf
         ocidl.acf
       ClCompile:
         C:\Program Files\Microsoft Visual Studio 10.0\VC\bin\CL.exe /c /ZI /nologo /W3 /WX- /Od /Oy- /D WIN32 /D _WINDOWS /D _DEBUG /D _USRDLL /D _WINDLL /D _UNICODE /D UNICODE /D _ATL_DLL /Gm /EHsc /RTC1 /MDd /GS /fp:precise /Zc:wchar_t /Zc:forScope /Yc"StdAfx.h" /Fp"Debug\HelloWorld.pch" /Fo"Debug\\" /Fd"Debug\vc100.pdb" /Gd /TP /analyze- /errorReport:prompt stdafx.cpp
         stdafx.cpp
         C:\Program Files\Microsoft Visual Studio 10.0\VC\bin\CL.exe /c /ZI /nologo /W3 /WX- /Od /Oy- /D WIN32 /D _WINDOWS /D _DEBUG /D _USRDLL /D _WINDLL /D _UNICODE /D UNICODE /D _ATL_DLL /Gm /EHsc /RTC1 /MDd /GS /fp:precise /Zc:wchar_t /Zc:forScope /Fo"Debug\\" /Fd"Debug\vc100.pdb" /Gd /TP /analyze- /errorReport:prompt dllmain.cpp
         dllmain.cpp
         C:\Program Files\Microsoft Visual Studio 10.0\VC\bin\CL.exe /c /ZI /nologo /W3 /WX- /Od /Oy- /D WIN32 /D _WINDOWS /D _DEBUG /D _USRDLL /D _WINDLL /D _UNICODE /D UNICODE /D _ATL_DLL /Gm /EHsc /RTC1 /MDd /GS /fp:precise /Zc:wchar_t /Zc:forScope /Yu"StdAfx.h" /Fp"Debug\HelloWorld.pch" /Fo"Debug\\" /Fd"Debug\vc100.pdb" /Gd /TP /analyze- /errorReport:prompt HelloWorld.cpp HelloWorldBHO.cpp
         HelloWorldBHO.cpp
         HelloWorld.cpp
         코드를 생성하고 있습니다...
         C:\Program Files\Microsoft Visual Studio 10.0\VC\bin\CL.exe /c /ZI /nologo /W3 /WX- /Od /Oy- /D WIN32 /D _WINDOWS /D _DEBUG /D _USRDLL /D _WINDLL /D _UNICODE /D UNICODE /D _ATL_DLL /Gm /EHsc /RTC1 /MDd /GS /fp:precise /Zc:wchar_t /Zc:forScope /Fo"Debug\\" /Fd"Debug\vc100.pdb" /Gd /TC /analyze- /errorReport:prompt HelloWorld_i.c
         HelloWorld_i.c
       ResourceCompile:
         C:\Program Files\Microsoft SDKs\Windows\v7.0A\bin\rc.exe /D _DEBUG /D _UNICODE /D UNICODE /l"0x0412" /IDebug\ /nologo /fo"Debug\HelloWorld.res" HelloWorld.rc 
       ManifestResourceCompile:
         C:\Program Files\Microsoft SDKs\Windows\v7.0A\bin\rc.exe /nologo /fo"Debug\HelloWorld.dll.embed.manifest.res" Debug\HelloWorld_manifest.rc 
       Link:
         C:\Program Files\Microsoft Visual Studio 10.0\VC\bin\link.exe /ERRORREPORT:PROMPT /OUT:"C:\Documents and Settings\Administrator\My Documents\Visual Studio 2010\Projects\HelloWorld\Debug\HelloWorld.dll" /INCREMENTAL /NOLOGO kernel32.lib user32.lib gdi32.lib winspool.lib comdlg32.lib advapi32.lib shell32.lib ole32.lib oleaut32.lib uuid.lib odbc32.lib odbccp32.lib /DEF:".\HelloWorld.def" /MANIFEST /ManifestFile:"Debug\HelloWorld.dll.intermediate.manifest" /MANIFESTUAC:"level='asInvoker' uiAccess='false'" /DEBUG /PDB:"C:\Documents and Settings\Administrator\My Documents\Visual Studio 2010\Projects\HelloWorld\Debug\HelloWorld.pdb" /SUBSYSTEM:WINDOWS /TLBID:1 /DYNAMICBASE /NXCOMPAT /MACHINE:X86 /DLL Debug\HelloWorld.res
         Debug\HelloWorld.dll.embed.manifest.res
         Debug\dllmain.obj
         Debug\HelloWorld.obj
         Debug\HelloWorldBHO.obj
         Debug\HelloWorld_i.obj
         Debug\stdafx.obj
            C:\Documents and Settings\Administrator\My Documents\Visual Studio 2010\Projects\HelloWorld\Debug\HelloWorld.lib 라이브러리 및 C:\Documents and Settings\Administrator\My Documents\Visual Studio 2010\Projects\HelloWorld\Debug\HelloWorld.exp 개체를 생성하고 있습니다.
       Manifest:
         "Debug\HelloWorld.dll.embed.manifest" 파일을 삭제하고 있습니다.
         C:\Program Files\Microsoft SDKs\Windows\v7.0A\bin\mt.exe /nologo /verbose /out:"Debug\HelloWorld.dll.embed.manifest" /manifest Debug\HelloWorld.dll.intermediate.manifest
         C:\Program Files\Microsoft SDKs\Windows\v7.0A\bin\rc.exe /nologo /fo"Debug\HelloWorld.dll.embed.manifest.res" Debug\HelloWorld_manifest.rc 
       LinkEmbedManifest:
         C:\Program Files\Microsoft Visual Studio 10.0\VC\bin\link.exe /ERRORREPORT:PROMPT /OUT:"C:\Documents and Settings\Administrator\My Documents\Visual Studio 2010\Projects\HelloWorld\Debug\HelloWorld.dll" /INCREMENTAL /NOLOGO kernel32.lib user32.lib gdi32.lib winspool.lib comdlg32.lib advapi32.lib shell32.lib ole32.lib oleaut32.lib uuid.lib odbc32.lib odbccp32.lib /DEF:".\HelloWorld.def" /MANIFEST /ManifestFile:"Debug\HelloWorld.dll.intermediate.manifest" /MANIFESTUAC:"level='asInvoker' uiAccess='false'" /DEBUG /PDB:"C:\Documents and Settings\Administrator\My Documents\Visual Studio 2010\Projects\HelloWorld\Debug\HelloWorld.pdb" /SUBSYSTEM:WINDOWS /TLBID:1 /DYNAMICBASE /NXCOMPAT /MACHINE:X86 /DLL Debug\HelloWorld.res
         Debug\HelloWorld.dll.embed.manifest.res
         Debug\dllmain.obj
         Debug\HelloWorld.obj
         Debug\HelloWorldBHO.obj
         Debug\HelloWorld_i.obj
         Debug\stdafx.obj
         HelloWorld.vcxproj -> C:\Documents and Settings\Administrator\My Documents\Visual Studio 2010\Projects\HelloWorld\Debug\HelloWorld.dll
       RegisterOutput:
         regsvr32 /s "C:\Documents and Settings\Administrator\My Documents\Visual Studio 2010\Projects\HelloWorld\Debug\HelloWorld.dll"
       FinalizeBuildStatus:
         "Debug\HelloWorld.unsuccessfulbuild" 파일을 삭제하고 있습니다.
         "Debug\HelloWorld.lastbuildstate"에 연결(touching)하고 있습니다.
     1>"C:\Documents and Settings\Administrator\My Documents\Visual Studio 2010\Projects\HelloWorld\HelloWorld\HelloWorld.vcxproj" 프로젝트를 빌드했습니다(rebuild 대상).

빌드했습니다.

경과 시간: 00:00:06.07
